Arguments: 
  /Users/jillhubahib/.nvm/versions/node/v8.10.0/bin/node /Users/jillhubahib/.nvm/versions/node/v8.10.0/bin/yarn start

PATH: 
  /Users/jillhubahib/.rvm/gems/ruby-2.4.2/bin:/Users/jillhubahib/.rvm/gems/ruby-2.4.2@global/bin:/Users/jillhubahib/.rvm/rubies/ruby-2.4.2/bin:/Users/jillhubahib/.yarn/bin:/Users/jillhubahib/.nvm/versions/node/v8.10.0/bin:/usr/local/bin:/usr/bin:/bin:/usr/sbin:/sbin:/Users/jillhubahib/.rvm/gems/ruby-2.4.2/bin:/Users/jillhubahib/.rvm/gems/ruby-2.4.2@global/bin:/Users/jillhubahib/.rvm/rubies/ruby-2.4.2/bin:/Users/jillhubahib/.yarn/bin:/Users/jillhubahib/.rvm/bin:/Users/jillhubahib/.rvm/bin

Yarn version: 
  1.5.1

Node version: 
  8.10.0

Platform: 
  darwin x64

npm manifest: 
  {
    "dependencies": {
      "axios": "^0.18.0"
    }
  }

yarn manifest: 
  No manifest

Lockfile: 
  # THIS IS AN AUTOGENERATED FILE. DO NOT EDIT THIS FILE DIRECTLY.
  # yarn lockfile v1
  
  
  axios@^0.18.0:
    version "0.18.0"
    resolved "https://registry.yarnpkg.com/axios/-/axios-0.18.0.tgz#32d53e4851efdc0a11993b6cd000789d70c05102"
    dependencies:
      follow-redirects "^1.3.0"
      is-buffer "^1.1.5"
  
  debug@^3.1.0:
    version "3.1.0"
    resolved "https://registry.yarnpkg.com/debug/-/debug-3.1.0.tgz#5bb5a0672628b64149566ba16819e61518c67261"
    dependencies:
      ms "2.0.0"
  
  follow-redirects@^1.3.0:
    version "1.4.1"
    resolved "https://registry.yarnpkg.com/follow-redirects/-/follow-redirects-1.4.1.tgz#d8120f4518190f55aac65bb6fc7b85fcd666d6aa"
    dependencies:
      debug "^3.1.0"
  
  is-buffer@^1.1.5:
    version "1.1.6"
    resolved "https://registry.yarnpkg.com/is-buffer/-/is-buffer-1.1.6.tgz#efaa2ea9daa0d7ab2ea13a97b2b8ad51fefbe8be"
  
  ms@2.0.0:
    version "2.0.0"
    resolved "https://registry.yarnpkg.com/ms/-/ms-2.0.0.tgz#5608aeadfc00be6c2901df5f9861788de0d597c8"

Trace: 
  Error: Command "start" not found.
      at new MessageError (/Users/jillhubahib/.nvm/versions/node/v8.10.0/lib/node_modules/yarn/lib/cli.js:186:110)
      at /Users/jillhubahib/.nvm/versions/node/v8.10.0/lib/node_modules/yarn/lib/cli.js:87307:17
      at Generator.next (<anonymous>)
      at step (/Users/jillhubahib/.nvm/versions/node/v8.10.0/lib/node_modules/yarn/lib/cli.js:98:30)
      at /Users/jillhubahib/.nvm/versions/node/v8.10.0/lib/node_modules/yarn/lib/cli.js:116:14
      at new Promise (<anonymous>)
      at new F (/Users/jillhubahib/.nvm/versions/node/v8.10.0/lib/node_modules/yarn/lib/cli.js:23451:28)
      at /Users/jillhubahib/.nvm/versions/node/v8.10.0/lib/node_modules/yarn/lib/cli.js:95:12
      at runCommand (/Users/jillhubahib/.nvm/versions/node/v8.10.0/lib/node_modules/yarn/lib/cli.js:87312:22)
      at Object.<anonymous> (/Users/jillhubahib/.nvm/versions/node/v8.10.0/lib/node_modules/yarn/lib/cli.js:87412:14)
